<?xml version="1.0" encoding="UTF-8"?>
<testsuite xmlns:xsi="http://www.w3.org/2001/XMLSchema-instance" xsi:noNamespaceSchemaLocation="https://maven.apache.org/surefire/maven-surefire-plugin/xsd/surefire-test-report-3.0.xsd" version="3.0" name="TestSuite" time="64.557" tests="2" errors="0" skipped="0" failures="0">
  <properties>
[...]
</properties>
  <testcase name="loginTest" classname="com.SM.testCases.TC001_Login_Test" time="11.287">
    <system-out><![CDATA[*****Mozilla/5.0 (Windows NT 10.0; Win64; x64) AppleWebKit/537.36 (KHTML, like Gecko) Chrome/99.0.4844.82 Safari/537.36is launched*****
[INFO ] 26-03-2022 05:22:40.300 TC001_Login_Test - *****Executing loginTest*****
[INFO ] 26-03-2022 05:22:40.351 TC001_Login_Test - *****Webdriver is initiated*****
[INFO ] 26-03-2022 05:22:43.490 TC001_Login_Test - *****Username entered is : seleniumtraining1*****
[INFO ] 26-03-2022 05:22:45.883 TC001_Login_Test - *****Password entered is : selenium1234*****
[INFO ] 26-03-2022 05:22:51.012 TC001_Login_Test - *****Clicked on Login button*****
[INFO ] 26-03-2022 05:22:51.585 TC001_Login_Test - *****Screenshot captured successfully*****
[INFO ] 26-03-2022 05:22:51.585 TC001_Login_Test - *****User logged in successfully*****
]]></system-out>
    <system-err><![CDATA[SLF4J: Failed to load class "org.slf4j.impl.StaticLoggerBinder".
SLF4J: Defaulting to no-operation (NOP) logger implementation
SLF4J: See http://www.slf4j.org/codes.html#StaticLoggerBinder for further details.
Starting ChromeDriver 99.0.4844.51 (d537ec02474b5afe23684e7963d538896c63ac77-refs/branch-heads/4844@{#875}) on port 23853
Only local connections are allowed.
Please see https://chromedriver.chromium.org/security-considerations for suggestions on keeping ChromeDriver safe.
ChromeDriver was started successfully.
Mar 26, 2022 5:22:17 AM org.openqa.selenium.remote.ProtocolHandshake createSession
INFO: Detected dialect: W3C
]]></system-err>
  </testcase>
  <testcase name="checkSignupLinkTest" classname="com.SM.testCases.TC002_CheckSignUpLink_Test" time="2.773">
    <system-out><![CDATA[C:\QA_course\study_materials\java_programs\SurveyMonkey_4thAug2022\screenshots\loginTest.png
*****Mozilla/5.0 (Windows NT 10.0; Win64; x64) AppleWebKit/537.36 (KHTML, like Gecko) Chrome/99.0.4844.82 Safari/537.36is launched*****
[INFO ] 26-03-2022 05:23:02.774 TC002_CheckSignUpLink_Test - *****Executing checkSignupLinkTest*****
[INFO ] 26-03-2022 05:23:02.776 TC002_CheckSignUpLink_Test - *****Webdriver is initiated*****
[INFO ] 26-03-2022 05:23:05.101 TC002_CheckSignUpLink_Test - *****Check that Sign Up link is present*****
[INFO ] 26-03-2022 05:23:05.527 TC002_CheckSignUpLink_Test - *****Screenshot captured successfully*****
[INFO ] 26-03-2022 05:23:05.528 TC002_CheckSignUpLink_Test - *****Sign Up link is present*****
]]></system-out>
    <system-err><![CDATA[Starting ChromeDriver 99.0.4844.51 (d537ec02474b5afe23684e7963d538896c63ac77-refs/branch-heads/4844@{#875}) on port 40176
Only local connections are allowed.
Please see https://chromedriver.chromium.org/security-considerations for suggestions on keeping ChromeDriver safe.
ChromeDriver was started successfully.
Mar 26, 2022 5:22:54 AM org.openqa.selenium.remote.ProtocolHandshake createSession
INFO: Detected dialect: W3C
]]></system-err>
  </testcase>
</testsuite>