<?xml version="1.0" encoding="UTF-8"?>
<testng-results skipped="0" failed="0" total="2" passed="2">
  <reporter-output>
  </reporter-output>
  <suite name="Survey Monkey Regression Suite" duration-ms="39141" started-at="2022-03-25T14:31:17Z" finished-at="2022-03-25T14:31:56Z">
    <groups>
    </groups>
    <test name="TC001_Login_Test" duration-ms="25488" started-at="2022-03-25T14:31:17Z" finished-at="2022-03-25T14:31:43Z">
      <class name="com.SM.testCases.TC001_Login_Test">
        <test-method status="PASS" signature="setup(java.lang.String)[pri:0, instance:com.SM.testCases.TC001_Login_Test@1f8f5ae]" name="setup" is-config="true" duration-ms="12807" started-at="2022-03-25T10:31:18Z" finished-at="2022-03-25T10:31:30Z">
          <params>
            <param index="0">
              <value>
                <![CDATA[chrome]]>
              </value>
            </param>
          </params>
          <reporter-output>
          </reporter-output>
        </test-method> <!-- setup -->
        <test-method status="PASS" signature="loginTest()[pri:0, instance:com.SM.testCases.TC001_Login_Test@1f8f5ae]" name="loginTest" duration-ms="11055" started-at="2022-03-25T10:31:30Z" finished-at="2022-03-25T10:31:42Z">
          <reporter-output>
          </reporter-output>
        </test-method> <!-- loginTest -->
        <test-method status="PASS" signature="tearDown()[pri:0, instance:com.SM.testCases.TC001_Login_Test@1f8f5ae]" name="tearDown" is-config="true" duration-ms="1248" started-at="2022-03-25T10:31:42Z" finished-at="2022-03-25T10:31:43Z">
          <reporter-output>
          </reporter-output>
        </test-method> <!-- tearDown -->
      </class> <!-- com.SM.testCases.TC001_Login_Test -->
    </test> <!-- TC001_Login_Test -->
    <test name="TC002_CheckSignUpLink_Test" duration-ms="11762" started-at="2022-03-25T14:31:45Z" finished-at="2022-03-25T14:31:56Z">
      <class name="com.SM.testCases.TC002_CheckSignUpLink_Test">
        <test-method status="PASS" signature="setup(java.lang.String)[pri:0, instance:com.SM.testCases.TC002_CheckSignUpLink_Test@182859e]" name="setup" is-config="true" duration-ms="7638" started-at="2022-03-25T10:31:45Z" finished-at="2022-03-25T10:31:52Z">
          <params>
            <param index="0">
              <value>
                <![CDATA[chrome]]>
              </value>
            </param>
          </params>
          <reporter-output>
          </reporter-output>
        </test-method> <!-- setup -->
        <test-method status="PASS" signature="checkSignupLinkTest()[pri:0, instance:com.SM.testCases.TC002_CheckSignUpLink_Test@182859e]" name="checkSignupLinkTest" duration-ms="3220" started-at="2022-03-25T10:31:52Z" finished-at="2022-03-25T10:31:56Z">
          <reporter-output>
          </reporter-output>
        </test-method> <!-- checkSignupLinkTest -->
        <test-method status="PASS" signature="tearDown()[pri:0, instance:com.SM.testCases.TC002_CheckSignUpLink_Test@182859e]" name="tearDown" is-config="true" duration-ms="903" started-at="2022-03-25T10:31:56Z" finished-at="2022-03-25T10:31:56Z">
          <reporter-output>
          </reporter-output>
        </test-method> <!-- tearDown -->
      </class> <!-- com.SM.testCases.TC002_CheckSignUpLink_Test -->
    </test> <!-- TC002_CheckSignUpLink_Test -->
  </suite> <!-- Survey Monkey Regression Suite -->
</testng-results>
